<?xml version="1.0" encoding="UTF-8"?>
<!-- Generated by org.testng.reporters.JUnitReportReporter -->
<testsuite hostname="GMOR-2QTHB2S-DX" name="automationFramework.msHandsOn.CaseStudy1" tests="1" failures="0" timestamp="17 Feb 2017 14:44:22 GMT" time="27.063" errors="0">
  <testcase name="BookAReturnFlightForAPassenger" time="27.063" classname="automationFramework.msHandsOn.CaseStudy1"/>
</testsuite> <!-- automationFramework.msHandsOn.CaseStudy1 -->
