<?xml version="1.0" encoding="UTF-8"?>
<!-- Generated by org.testng.reporters.JUnitReportReporter -->
<testsuite hostname="GMOR-2QTHB2S-DX" name="testscripts.CaseStudy1" tests="1" failures="0" timestamp="20 Feb 2017 08:13:37 GMT" time="21.478" errors="0">
  <testcase name="BookAReturnFlightForAPassenger" time="21.478" classname="testscripts.CaseStudy1"/>
</testsuite> <!-- testscripts.CaseStudy1 -->
