<?xml version="1.0" encoding="UTF-8"?>
<!-- Generated by org.testng.reporters.JUnitReportReporter -->
<testsuite hostname="GMOR-2QTHB2S-DX" name="testscripts.CaseStudy2" tests="1" failures="0" timestamp="20 Feb 2017 08:14:28 GMT" time="20.930" errors="0">
  <testcase name="BookAReturnFlightForAPassenger" time="20.930" classname="testscripts.CaseStudy2"/>
</testsuite> <!-- testscripts.CaseStudy2 -->
